训练数据大小: 600
测试数据大小: 70

{'loss': '0.7535', 'grad_norm': '1.344', 'learning_rate': '0.0001', 'epoch': '0.01333'}                                                                                          
{'loss': '0.1709', 'grad_norm': '0.4995', 'learning_rate': '9.493e-05', 'epoch': '0.2667'}                                                                                       
{'loss': '0.03099', 'grad_norm': '0.1917', 'learning_rate': '8.96e-05', 'epoch': '0.5333'}                                                                                       
{'loss': '0.02327', 'grad_norm': '0.4491', 'learning_rate': '8.427e-05', 'epoch': '0.8'}                                                                                         
{'eval_loss': '0.006945', 'eval_runtime': '2.947', 'eval_samples_per_second': '23.75', 'eval_steps_per_second': '3.054', 'epoch': '1'}                                           
{'loss': '0.01421', 'grad_norm': '1.115', 'learning_rate': '7.893e-05', 'epoch': '1.067'}                                                                                        
{'loss': '0.008363', 'grad_norm': '0.4185', 'learning_rate': '7.36e-05', 'epoch': '1.333'}                                                                                       
{'loss': '0.01001', 'grad_norm': '0.02206', 'learning_rate': '6.827e-05', 'epoch': '1.6'}                                                                                        
{'loss': '0.004093', 'grad_norm': '0.05886', 'learning_rate': '6.293e-05', 'epoch': '1.867'}                                                                                     
{'eval_loss': '0.002993', 'eval_runtime': '2.605', 'eval_samples_per_second': '26.88', 'eval_steps_per_second': '3.455', 'epoch': '2'}                                           
{'loss': '0.002919', 'grad_norm': '0.1607', 'learning_rate': '5.76e-05', 'epoch': '2.133'}                                                                                       
{'loss': '0.001831', 'grad_norm': '0.01499', 'learning_rate': '5.227e-05', 'epoch': '2.4'}                                                                                       
{'loss': '0.002017', 'grad_norm': '0.01783', 'learning_rate': '4.693e-05', 'epoch': '2.667'}                                                                                     
{'loss': '0.007475', 'grad_norm': '0.02601', 'learning_rate': '4.16e-05', 'epoch': '2.933'}                                                                                      
{'eval_loss': '0.004375', 'eval_runtime': '2.781', 'eval_samples_per_second': '25.17', 'eval_steps_per_second': '3.237', 'epoch': '3'}                                           
{'loss': '0.002751', 'grad_norm': '0.1733', 'learning_rate': '3.627e-05', 'epoch': '3.2'}                                                                                        
{'loss': '0.002801', 'grad_norm': '0.06581', 'learning_rate': '3.093e-05', 'epoch': '3.467'}                                                                                     
{'loss': '0.002155', 'grad_norm': '0.03717', 'learning_rate': '2.56e-05', 'epoch': '3.733'}                                                                                      
{'loss': '0.002623', 'grad_norm': '0.005086', 'learning_rate': '2.027e-05', 'epoch': '4'}                                                                                        
{'eval_loss': '0.001902', 'eval_runtime': '2.784', 'eval_samples_per_second': '25.14', 'eval_steps_per_second': '3.233', 'epoch': '4'}                                           
{'loss': '0.003177', 'grad_norm': '0.3352', 'learning_rate': '1.493e-05', 'epoch': '4.267'}                                                                                      
{'loss': '0.001628', 'grad_norm': '0.0121', 'learning_rate': '9.6e-06', 'epoch': '4.533'}                                                                                        
{'loss': '0.001437', 'grad_norm': '0.04312', 'learning_rate': '4.267e-06', 'epoch': '4.8'}                                                                                       
{'eval_loss': '0.002232', 'eval_runtime': '2.519', 'eval_samples_per_second': '27.79', 'eval_steps_per_second': '3.573', 'epoch': '5'}                                           
{'train_runtime': '347.3', 'train_samples_per_second': '8.637', 'train_steps_per_second': '1.08', 'train_loss': '0.01722', 'epoch': '5'}                                            

+-----------------------------------------------------------------------------------------+
| NVIDIA-SMI 580.76.05              Driver Version: 580.76.05      CUDA Version: 13.0     |
+-----------------------------------------+------------------------+----------------------+
| GPU  Name                 Persistence-M | Bus-Id          Disp.A | Volatile Uncorr. ECC |
| Fan  Temp   Perf          Pwr:Usage/Cap |           Memory-Usage | GPU-Util  Compute M. |
|                                         |                        |               MIG M. |
|=========================================+========================+======================|
|   0  NVIDIA vGPU-32GB               On  |   00000000:31:00.0 Off |                  N/A |
| 74%   54C    P2            124W /  320W |   15368MiB /  32760MiB |     70%      Default |
|                                         |                        |                  N/A |
+-----------------------------------------+------------------------+----------------------+

+-----------------------------------------------------------------------------------------+
| Processes:                                                                              |
|  GPU   GI   CI              PID   Type   Process name                        GPU Memory |
|        ID   ID                                                               Usage      |
|=========================================================================================|
|    0   N/A  N/A            4844      C   python                                15360MiB |
+-----------------------------------------------------------------------------------------+