训练数据大小: 600
测试数据大小: 70

{'loss': '1.365', 'grad_norm': '5.642', 'learning_rate': '0.0001', 'epoch': '0.01333'}                                                                                           
{'loss': '0.1292', 'grad_norm': '0.2778', 'learning_rate': '9.493e-05', 'epoch': '0.2667'}                                                                                       
{'loss': '0.01465', 'grad_norm': '0.6196', 'learning_rate': '8.96e-05', 'epoch': '0.5333'}                                                                                       
{'loss': '0.01108', 'grad_norm': '0.1306', 'learning_rate': '8.427e-05', 'epoch': '0.8'}                                                                                         
{'eval_loss': '0.005696', 'eval_runtime': '18.73', 'eval_samples_per_second': '3.738', 'eval_steps_per_second': '0.481', 'epoch': '1'}                                           
{'loss': '0.008608', 'grad_norm': '0.6335', 'learning_rate': '7.893e-05', 'epoch': '1.067'}                                                                                      
{'loss': '0.006034', 'grad_norm': '0.4577', 'learning_rate': '7.36e-05', 'epoch': '1.333'}                                                                                       
{'loss': '0.005901', 'grad_norm': '0.01187', 'learning_rate': '6.827e-05', 'epoch': '1.6'}                                                                                       
{'loss': '0.003279', 'grad_norm': '0.05765', 'learning_rate': '6.293e-05', 'epoch': '1.867'}                                                                                     
{'eval_loss': '0.002738', 'eval_runtime': '19.39', 'eval_samples_per_second': '3.611', 'eval_steps_per_second': '0.464', 'epoch': '2'}                                           
{'loss': '0.002715', 'grad_norm': '0.1254', 'learning_rate': '5.76e-05', 'epoch': '2.133'}                                                                                       
{'loss': '0.001631', 'grad_norm': '0.009434', 'learning_rate': '5.227e-05', 'epoch': '2.4'}                                                                                      
{'loss': '0.001893', 'grad_norm': '0.003694', 'learning_rate': '4.693e-05', 'epoch': '2.667'}                                                                                    
{'loss': '0.005063', 'grad_norm': '0.004565', 'learning_rate': '4.16e-05', 'epoch': '2.933'}                                                                                     
{'eval_loss': '0.003982', 'eval_runtime': '19.25', 'eval_samples_per_second': '3.636', 'eval_steps_per_second': '0.467', 'epoch': '3'}                                           
{'loss': '0.002856', 'grad_norm': '0.139', 'learning_rate': '3.627e-05', 'epoch': '3.2'}                                                                                         
{'loss': '0.002308', 'grad_norm': '0.03552', 'learning_rate': '3.093e-05', 'epoch': '3.467'}                                                                                     
{'loss': '0.001275', 'grad_norm': '0.001076', 'learning_rate': '2.56e-05', 'epoch': '3.733'}                                                                                     
{'loss': '0.002356', 'grad_norm': '0.008674', 'learning_rate': '2.027e-05', 'epoch': '4'}                                                                                        
{'eval_loss': '0.001914', 'eval_runtime': '18.64', 'eval_samples_per_second': '3.756', 'eval_steps_per_second': '0.483', 'epoch': '4'}                                           
{'loss': '0.002663', 'grad_norm': '0.2704', 'learning_rate': '1.493e-05', 'epoch': '4.267'}                                                                                      
{'loss': '0.001427', 'grad_norm': '0.003648', 'learning_rate': '9.6e-06', 'epoch': '4.533'}                                                                                      
{'loss': '0.001242', 'grad_norm': '0.03469', 'learning_rate': '4.267e-06', 'epoch': '4.8'}                                                                                       
{'eval_loss': '0.001897', 'eval_runtime': '18.07', 'eval_samples_per_second': '3.873', 'eval_steps_per_second': '0.498', 'epoch': '5'}                                           
{'train_runtime': '1037', 'train_samples_per_second': '2.893', 'train_steps_per_second': '0.362', 'train_loss': '0.01425', 'epoch': '5'}

+-----------------------------------------------------------------------------------------+
| NVIDIA-SMI 580.76.05              Driver Version: 580.76.05      CUDA Version: 13.0     |
+-----------------------------------------+------------------------+----------------------+
| GPU  Name                 Persistence-M | Bus-Id          Disp.A | Volatile Uncorr. ECC |
| Fan  Temp   Perf          Pwr:Usage/Cap |           Memory-Usage | GPU-Util  Compute M. |
|                                         |                        |               MIG M. |
|=========================================+========================+======================|
|   0  NVIDIA vGPU-32GB               On  |   00000000:31:00.0 Off |                  N/A |
| 65%   43C    P2             80W /  320W |   17328MiB /  32760MiB |      0%      Default |
|                                         |                        |                  N/A |
+-----------------------------------------+------------------------+----------------------+

+-----------------------------------------------------------------------------------------+
| Processes:                                                                              |
|  GPU   GI   CI              PID   Type   Process name                        GPU Memory |
|        ID   ID                                                               Usage      |
|=========================================================================================|
|    0   N/A  N/A            3972      C   python                                17320MiB |
+-----------------------------------------------------------------------------------------+